<?xml version="1.0" encoding="UTF-8"?>
<testng-results skipped="0" failed="0" ignored="0" total="1" passed="1">
  <reporter-output>
  </reporter-output>
  <suite name="Default suite" duration-ms="79241" started-at="2019-06-13T17:05:48Z" finished-at="2019-06-13T17:07:07Z">
    <groups>
    </groups>
    <test name="Default test" duration-ms="79241" started-at="2019-06-13T17:05:48Z" finished-at="2019-06-13T17:07:07Z">
      <class name="testcases.LoginApplication">
        <test-method status="PASS" signature="Login()[pri:0, instance:testcases.LoginApplication@396a51ab]" name="Login" duration-ms="79195" started-at="2019-06-13T17:05:48Z" finished-at="2019-06-13T17:07:07Z">
          <reporter-output>
          </reporter-output>
        </test-method> <!-- Login -->
      </class> <!-- testcases.LoginApplication -->
    </test> <!-- Default test -->
  </suite> <!-- Default suite -->
</testng-results>
